0 info it worked if it ends with ok
1 verbose cli [ 'node',
1 verbose cli   '/usr/local/bin/npm',
1 verbose cli   'install',
1 verbose cli   'dl.bintray.com/homebrew/mirror/libpng-1.6.18.tar.xz' ]
2 info using npm@2.12.1
3 info using node@v0.12.7
4 verbose node symlink /usr/local/bin/node
5 verbose config Skipping project config: /Users/KevinAndrewMurray/.npmrc. (matches userconfig)
6 verbose install initial load of /Users/KevinAndrewMurray/package.json
7 warn package.json new-project@1.0.0 No repository field.
8 verbose installManyTop reading scoped package data from /Users/KevinAndrewMurray/node_modules/babelify/package.json
9 verbose installManyTop reading scoped package data from /Users/KevinAndrewMurray/node_modules/backbone/package.json
10 verbose installManyTop reading scoped package data from /Users/KevinAndrewMurray/node_modules/bootstrap/package.json
11 verbose installManyTop reading scoped package data from /Users/KevinAndrewMurray/node_modules/browserify/package.json
12 verbose installManyTop reading scoped package data from /Users/KevinAndrewMurray/node_modules/chai/package.json
13 verbose installManyTop reading scoped package data from /Users/KevinAndrewMurray/node_modules/gulp/package.json
14 verbose installManyTop reading scoped package data from /Users/KevinAndrewMurray/node_modules/gulp-imagemin/package.json
15 verbose installManyTop reading scoped package data from /Users/KevinAndrewMurray/node_modules/gulp-minify-css/package.json
16 verbose installManyTop reading scoped package data from /Users/KevinAndrewMurray/node_modules/gulp-prompt/package.json
17 verbose installManyTop reading scoped package data from /Users/KevinAndrewMurray/node_modules/gulp-rename/package.json
18 verbose installManyTop reading scoped package data from /Users/KevinAndrewMurray/node_modules/gulp-rimraf/package.json
19 verbose installManyTop reading scoped package data from /Users/KevinAndrewMurray/node_modules/gulp-sass/package.json
20 verbose installManyTop reading scoped package data from /Users/KevinAndrewMurray/node_modules/gulp-sourcemaps/package.json
21 verbose installManyTop reading scoped package data from /Users/KevinAndrewMurray/node_modules/gulp-uglify/package.json
22 verbose installManyTop reading scoped package data from /Users/KevinAndrewMurray/node_modules/gulp-util/package.json
23 verbose installManyTop reading scoped package data from /Users/KevinAndrewMurray/node_modules/gulp-webserver/package.json
24 verbose installManyTop reading scoped package data from /Users/KevinAndrewMurray/node_modules/jquery/package.json
25 verbose installManyTop reading scoped package data from /Users/KevinAndrewMurray/node_modules/lodash.assign/package.json
26 verbose installManyTop reading scoped package data from /Users/KevinAndrewMurray/node_modules/minimist/package.json
27 verbose installManyTop reading scoped package data from /Users/KevinAndrewMurray/node_modules/mocha/package.json
28 verbose installManyTop reading scoped package data from /Users/KevinAndrewMurray/node_modules/normalize.css/package.json
29 verbose installManyTop reading scoped package data from /Users/KevinAndrewMurray/node_modules/vinyl-buffer/package.json
30 verbose installManyTop reading scoped package data from /Users/KevinAndrewMurray/node_modules/vinyl-source-stream/package.json
31 verbose installManyTop reading scoped package data from /Users/KevinAndrewMurray/node_modules/watchify/package.json
32 info package.json gulp-rename@1.2.2 No license field.
33 info package.json gulp-rimraf@0.1.1 No license field.
34 info package.json jquery@2.1.4 No license field.
35 verbose readDependencies loading dependencies from /Users/KevinAndrewMurray/package.json
36 silly cache add args [ 'dl.bintray.com/homebrew/mirror/libpng-1.6.18.tar.xz', null ]
37 verbose cache add spec dl.bintray.com/homebrew/mirror/libpng-1.6.18.tar.xz
38 silly cache add parsed spec { raw: 'dl.bintray.com/homebrew/mirror/libpng-1.6.18.tar.xz',
38 silly cache add   scope: null,
38 silly cache add   name: null,
38 silly cache add   rawSpec: 'dl.bintray.com/homebrew/mirror/libpng-1.6.18.tar.xz',
38 silly cache add   spec: '/Users/KevinAndrewMurray/rails/frogs/dl.bintray.com/homebrew/mirror/libpng-1.6.18.tar.xz',
38 silly cache add   type: 'local' }
39 error addLocal Could not install /Users/KevinAndrewMurray/rails/frogs/dl.bintray.com/homebrew/mirror/libpng-1.6.18.tar.xz
40 verbose stack Error: ENOENT, open '/Users/KevinAndrewMurray/rails/frogs/dl.bintray.com/homebrew/mirror/libpng-1.6.18.tar.xz'
40 verbose stack     at Error (native)
41 verbose cwd /Users/KevinAndrewMurray/rails/frogs
42 error Darwin 15.3.0
43 error argv "node" "/usr/local/bin/npm" "install" "dl.bintray.com/homebrew/mirror/libpng-1.6.18.tar.xz"
44 error node v0.12.7
45 error npm  v2.12.1
46 error path /Users/KevinAndrewMurray/rails/frogs/dl.bintray.com/homebrew/mirror/libpng-1.6.18.tar.xz
47 error code ENOENT
48 error errno -2
49 error enoent ENOENT, open '/Users/KevinAndrewMurray/rails/frogs/dl.bintray.com/homebrew/mirror/libpng-1.6.18.tar.xz'
49 error enoent This is most likely not a problem with npm itself
49 error enoent and is related to npm not being able to find a file.
50 verbose exit [ -2, true ]
